2016-08-04 10:11:49 10144 [Note] Plugin 'FEDERATED' is disabled.
2016-08-04 10:11:49 10144 [Note] InnoDB: Using atomics to ref count buffer pool pages
2016-08-04 10:11:49 10144 [Note] InnoDB: The InnoDB memory heap is disabled
2016-08-04 10:11:49 10144 [Note] InnoDB: Mutexes and rw_locks use Windows interlocked functions
2016-08-04 10:11:49 10144 [Note] InnoDB: Compressed tables use zlib 1.2.3
2016-08-04 10:11:49 10144 [Note] InnoDB: Not using CPU crc32 instructions
2016-08-04 10:11:49 10144 [Note] InnoDB: Initializing buffer pool, size = 128.0M
2016-08-04 10:11:49 10144 [Note] InnoDB: Completed initialization of buffer pool
2016-08-04 10:11:49 10144 [Note] InnoDB: Highest supported file format is Barracuda.
2016-08-04 10:11:50 10144 [Note] InnoDB: 128 rollback segment(s) are active.
2016-08-04 10:11:51 10144 [Note] InnoDB: Waiting for purge to start
2016-08-04 10:11:51 10144 [Note] InnoDB: 5.6.17 started; log sequence number 1625977
2016-08-04 10:11:51 10144 [Warning] No existing UUID has been found, so we assume that this is the first time that this server has been started. Generating a new UUID: ce75d295-59e8-11e6-9d24-00e04cf2c553.
2016-08-04 10:11:51 10144 [Note] Server hostname (bind-address): '*'; port: 3306
2016-08-04 10:11:51 10144 [Note] IPv6 is available.
2016-08-04 10:11:51 10144 [Note]   - '::' resolves to '::';
2016-08-04 10:11:51 10144 [Note] Server socket created on IP: '::'.
2016-08-04 10:11:51 10144 [Note] Event Scheduler: Loaded 0 events
2016-08-04 10:11:51 10144 [Note] wampmysqld64: ready for connections.
Version: '5.6.17'  socket: ''  port: 3306  MySQL Community Server (GPL)
2016-08-04 10:19:59 10144 [Note] wampmysqld64: Normal shutdown

2016-08-04 10:19:59 10144 [Note] Giving 0 client threads a chance to die gracefully
2016-08-04 10:19:59 10144 [Note] Event Scheduler: Purging the queue. 0 events
2016-08-04 10:19:59 10144 [Note] Shutting down slave threads
2016-08-04 10:19:59 10144 [Note] Forcefully disconnecting 0 remaining clients
2016-08-04 10:19:59 10144 [Note] Binlog end
2016-08-04 10:19:59 10144 [Note] Shutting down plugin 'partition'
2016-08-04 10:19:59 10144 [Note] Shutting down plugin 'PERFORMANCE_SCHEMA'
2016-08-04 10:19:59 10144 [Note] Shutting down plugin 'INNODB_SYS_DATAFILES'
2016-08-04 10:19:59 10144 [Note] Shutting down plugin 'INNODB_SYS_TABLESPACES'
2016-08-04 10:19:59 10144 [Note] Shutting down plugin 'INNODB_SYS_FOREIGN_COLS'
2016-08-04 10:19:59 10144 [Note] Shutting down plugin 'INNODB_SYS_FOREIGN'
2016-08-04 10:19:59 10144 [Note] Shutting down plugin 'INNODB_SYS_FIELDS'
2016-08-04 10:19:59 10144 [Note] Shutting down plugin 'INNODB_SYS_COLUMNS'
2016-08-04 10:19:59 10144 [Note] Shutting down plugin 'INNODB_SYS_INDEXES'
2016-08-04 10:19:59 10144 [Note] Shutting down plugin 'INNODB_SYS_TABLESTATS'
2016-08-04 10:19:59 10144 [Note] Shutting down plugin 'INNODB_SYS_TABLES'
2016-08-04 10:19:59 10144 [Note] Shutting down plugin 'INNODB_FT_INDEX_TABLE'
2016-08-04 10:19:59 10144 [Note] Shutting down plugin 'INNODB_FT_INDEX_CACHE'
2016-08-04 10:19:59 10144 [Note] Shutting down plugin 'INNODB_FT_CONFIG'
2016-08-04 10:19:59 10144 [Note] Shutting down plugin 'INNODB_FT_BEING_DELETED'
2016-08-04 10:19:59 10144 [Note] Shutting down plugin 'INNODB_FT_DELETED'
2016-08-04 10:19:59 10144 [Note] Shutting down plugin 'INNODB_FT_DEFAULT_STOPWORD'
2016-08-04 10:19:59 10144 [Note] Shutting down plugin 'INNODB_METRICS'
2016-08-04 10:19:59 10144 [Note] Shutting down plugin 'INNODB_BUFFER_POOL_STATS'
2016-08-04 10:19:59 10144 [Note] Shutting down plugin 'INNODB_BUFFER_PAGE_LRU'
2016-08-04 10:19:59 10144 [Note] Shutting down plugin 'INNODB_BUFFER_PAGE'
2016-08-04 10:19:59 10144 [Note] Shutting down plugin 'INNODB_CMP_PER_INDEX_RESET'
2016-08-04 10:19:59 10144 [Note] Shutting down plugin 'INNODB_CMP_PER_INDEX'
2016-08-04 10:19:59 10144 [Note] Shutting down plugin 'INNODB_CMPMEM_RESET'
2016-08-04 10:19:59 10144 [Note] Shutting down plugin 'INNODB_CMPMEM'
2016-08-04 10:19:59 10144 [Note] Shutting down plugin 'INNODB_CMP_RESET'
2016-08-04 10:19:59 10144 [Note] Shutting down plugin 'INNODB_CMP'
2016-08-04 10:19:59 10144 [Note] Shutting down plugin 'INNODB_LOCK_WAITS'
2016-08-04 10:19:59 10144 [Note] Shutting down plugin 'INNODB_LOCKS'
2016-08-04 10:19:59 10144 [Note] Shutting down plugin 'INNODB_TRX'
2016-08-04 10:19:59 10144 [Note] Shutting down plugin 'InnoDB'
2016-08-04 10:19:59 10144 [Note] InnoDB: FTS optimize thread exiting.
2016-08-04 10:19:59 10144 [Note] InnoDB: Starting shutdown...
2016-08-04 10:20:00 10144 [Note] InnoDB: Shutdown completed; log sequence number 1625987
2016-08-04 10:20:00 10144 [Note] Shutting down plugin 'BLACKHOLE'
2016-08-04 10:20:00 10144 [Note] Shutting down plugin 'ARCHIVE'
2016-08-04 10:20:00 10144 [Note] Shutting down plugin 'MRG_MYISAM'
2016-08-04 10:20:00 10144 [Note] Shutting down plugin 'MyISAM'
2016-08-04 10:20:00 10144 [Note] Shutting down plugin 'MEMORY'
2016-08-04 10:20:00 10144 [Note] Shutting down plugin 'CSV'
2016-08-04 10:20:00 10144 [Note] Shutting down plugin 'sha256_password'
2016-08-04 10:20:00 10144 [Note] Shutting down plugin 'mysql_old_password'
2016-08-04 10:20:00 10144 [Note] Shutting down plugin 'mysql_native_password'
2016-08-04 10:20:00 10144 [Note] Shutting down plugin 'binlog'
2016-08-04 10:20:00 10144 [Note] wampmysqld64: Shutdown complete

2016-08-04 10:20:03 2836 [Note] Plugin 'FEDERATED' is disabled.
2016-08-04 10:20:03 2836 [Note] InnoDB: Using atomics to ref count buffer pool pages
2016-08-04 10:20:03 2836 [Note] InnoDB: The InnoDB memory heap is disabled
2016-08-04 10:20:03 2836 [Note] InnoDB: Mutexes and rw_locks use Windows interlocked functions
2016-08-04 10:20:03 2836 [Note] InnoDB: Compressed tables use zlib 1.2.3
2016-08-04 10:20:03 2836 [Note] InnoDB: Not using CPU crc32 instructions
2016-08-04 10:20:03 2836 [Note] InnoDB: Initializing buffer pool, size = 128.0M
2016-08-04 10:20:03 2836 [Note] InnoDB: Completed initialization of buffer pool
2016-08-04 10:20:03 2836 [Note] InnoDB: Highest supported file format is Barracuda.
2016-08-04 10:20:04 2836 [Note] InnoDB: 128 rollback segment(s) are active.
2016-08-04 10:20:04 2836 [Note] InnoDB: Waiting for purge to start
2016-08-04 10:20:04 2836 [Note] InnoDB: 5.6.17 started; log sequence number 1625987
2016-08-04 10:20:04 2836 [Note] Server hostname (bind-address): '*'; port: 3306
2016-08-04 10:20:04 2836 [Note] IPv6 is available.
2016-08-04 10:20:04 2836 [Note]   - '::' resolves to '::';
2016-08-04 10:20:04 2836 [Note] Server socket created on IP: '::'.
2016-08-04 10:20:04 2836 [Note] Event Scheduler: Loaded 0 events
2016-08-04 10:20:04 2836 [Note] wampmysqld64: ready for connections.
Version: '5.6.17'  socket: ''  port: 3306  MySQL Community Server (GPL)
2016-08-04 18:00:57 2836 [Note] wampmysqld64: Normal shutdown

2016-08-04 18:00:57 2836 [Note] Giving 0 client threads a chance to die gracefully
2016-08-04 18:00:57 2836 [Note] Event Scheduler: Purging the queue. 0 events
2016-08-04 18:00:57 2836 [Note] Shutting down slave threads
2016-08-04 18:00:57 2836 [Note] Forcefully disconnecting 0 remaining clients
2016-08-04 18:00:57 2836 [Note] Binlog end
2016-08-04 18:00:57 2836 [Note] Shutting down plugin 'partition'
2016-08-04 18:00:57 2836 [Note] Shutting down plugin 'PERFORMANCE_SCHEMA'
2016-08-04 18:00:57 2836 [Note] Shutting down plugin 'INNODB_SYS_DATAFILES'
2016-08-04 18:00:57 2836 [Note] Shutting down plugin 'INNODB_SYS_TABLESPACES'
2016-08-04 18:00:57 2836 [Note] Shutting down plugin 'INNODB_SYS_FOREIGN_COLS'
2016-08-04 18:00:57 2836 [Note] Shutting down plugin 'INNODB_SYS_FOREIGN'
2016-08-04 18:00:57 2836 [Note] Shutting down plugin 'INNODB_SYS_FIELDS'
2016-08-04 18:00:57 2836 [Note] Shutting down plugin 'INNODB_SYS_COLUMNS'
2016-08-04 18:00:57 2836 [Note] Shutting down plugin 'INNODB_SYS_INDEXES'
2016-08-04 18:00:57 2836 [Note] Shutting down plugin 'INNODB_SYS_TABLESTATS'
2016-08-04 18:00:57 2836 [Note] Shutting down plugin 'INNODB_SYS_TABLES'
2016-08-04 18:00:57 2836 [Note] Shutting down plugin 'INNODB_FT_INDEX_TABLE'
2016-08-04 18:00:57 2836 [Note] Shutting down plugin 'INNODB_FT_INDEX_CACHE'
2016-08-04 18:00:57 2836 [Note] Shutting down plugin 'INNODB_FT_CONFIG'
2016-08-04 18:00:57 2836 [Note] Shutting down plugin 'INNODB_FT_BEING_DELETED'
2016-08-04 18:00:57 2836 [Note] Shutting down plugin 'INNODB_FT_DELETED'
2016-08-04 18:00:57 2836 [Note] Shutting down plugin 'INNODB_FT_DEFAULT_STOPWORD'
2016-08-04 18:00:57 2836 [Note] Shutting down plugin 'INNODB_METRICS'
2016-08-04 18:00:57 2836 [Note] Shutting down plugin 'INNODB_BUFFER_POOL_STATS'
2016-08-04 18:00:57 2836 [Note] Shutting down plugin 'INNODB_BUFFER_PAGE_LRU'
2016-08-04 18:00:57 2836 [Note] Shutting down plugin 'INNODB_BUFFER_PAGE'
2016-08-04 18:00:57 2836 [Note] Shutting down plugin 'INNODB_CMP_PER_INDEX_RESET'
2016-08-04 18:00:57 2836 [Note] Shutting down plugin 'INNODB_CMP_PER_INDEX'
2016-08-04 18:00:57 2836 [Note] Shutting down plugin 'INNODB_CMPMEM_RESET'
2016-08-04 18:00:57 2836 [Note] Shutting down plugin 'INNODB_CMPMEM'
2016-08-04 18:00:57 2836 [Note] Shutting down plugin 'INNODB_CMP_RESET'
2016-08-04 18:00:57 2836 [Note] Shutting down plugin 'INNODB_CMP'
2016-08-04 18:00:57 2836 [Note] Shutting down plugin 'INNODB_LOCK_WAITS'
2016-08-04 18:00:57 2836 [Note] Shutting down plugin 'INNODB_LOCKS'
2016-08-04 18:00:57 2836 [Note] Shutting down plugin 'INNODB_TRX'
2016-08-04 18:00:57 2836 [Note] Shutting down plugin 'InnoDB'
2016-08-04 18:00:57 2836 [Note] InnoDB: FTS optimize thread exiting.
2016-08-04 18:00:57 2836 [Note] InnoDB: Starting shutdown...
2016-08-04 18:00:59 2836 [Note] InnoDB: Shutdown completed; log sequence number 1625997
2016-08-04 18:00:59 2836 [Note] Shutting down plugin 'BLACKHOLE'
2016-08-04 18:00:59 2836 [Note] Shutting down plugin 'ARCHIVE'
2016-08-04 18:00:59 2836 [Note] Shutting down plugin 'MRG_MYISAM'
2016-08-04 18:00:59 2836 [Note] Shutting down plugin 'MyISAM'
2016-08-04 18:00:59 2836 [Note] Shutting down plugin 'MEMORY'
2016-08-04 18:00:59 2836 [Note] Shutting down plugin 'CSV'
2016-08-04 18:00:59 2836 [Note] Shutting down plugin 'sha256_password'
2016-08-04 18:00:59 2836 [Note] Shutting down plugin 'mysql_old_password'
2016-08-04 18:00:59 2836 [Note] Shutting down plugin 'mysql_native_password'
2016-08-04 18:00:59 2836 [Note] Shutting down plugin 'binlog'
2016-08-04 18:00:59 2836 [Note] wampmysqld64: Shutdown complete

2016-08-10 17:58:03 8328 [Note] Plugin 'FEDERATED' is disabled.
2016-08-10 17:58:04 8328 [Note] InnoDB: Using atomics to ref count buffer pool pages
2016-08-10 17:58:04 8328 [Note] InnoDB: The InnoDB memory heap is disabled
2016-08-10 17:58:04 8328 [Note] InnoDB: Mutexes and rw_locks use Windows interlocked functions
2016-08-10 17:58:04 8328 [Note] InnoDB: Compressed tables use zlib 1.2.3
2016-08-10 17:58:04 8328 [Note] InnoDB: Not using CPU crc32 instructions
2016-08-10 17:58:04 8328 [Note] InnoDB: Initializing buffer pool, size = 128.0M
2016-08-10 17:58:04 8328 [Note] InnoDB: Completed initialization of buffer pool
2016-08-10 17:58:04 8328 [Note] InnoDB: Highest supported file format is Barracuda.
2016-08-10 17:58:04 8328 [Note] InnoDB: 128 rollback segment(s) are active.
2016-08-10 17:58:04 8328 [Note] InnoDB: Waiting for purge to start
2016-08-10 17:58:04 8328 [Note] InnoDB: 5.6.17 started; log sequence number 1625997
2016-08-10 17:58:05 8328 [Note] Server hostname (bind-address): '*'; port: 3306
2016-08-10 17:58:05 8328 [Note] IPv6 is available.
2016-08-10 17:58:05 8328 [Note]   - '::' resolves to '::';
2016-08-10 17:58:05 8328 [Note] Server socket created on IP: '::'.
2016-08-10 17:58:05 8328 [Note] Event Scheduler: Loaded 0 events
2016-08-10 17:58:05 8328 [Note] wampmysqld64: ready for connections.
Version: '5.6.17'  socket: ''  port: 3306  MySQL Community Server (GPL)
2016-08-10 17:59:07 8328 [Note] wampmysqld64: Normal shutdown

2016-08-10 17:59:07 8328 [Note] Giving 0 client threads a chance to die gracefully
2016-08-10 17:59:07 8328 [Note] Event Scheduler: Purging the queue. 0 events
2016-08-10 17:59:07 8328 [Note] Shutting down slave threads
2016-08-10 17:59:07 8328 [Note] Forcefully disconnecting 0 remaining clients
2016-08-10 17:59:07 8328 [Note] Binlog end
2016-08-10 17:59:07 8328 [Note] Shutting down plugin 'partition'
2016-08-10 17:59:07 8328 [Note] Shutting down plugin 'PERFORMANCE_SCHEMA'
2016-08-10 17:59:07 8328 [Note] Shutting down plugin 'INNODB_SYS_DATAFILES'
2016-08-10 17:59:07 8328 [Note] Shutting down plugin 'INNODB_SYS_TABLESPACES'
2016-08-10 17:59:07 8328 [Note] Shutting down plugin 'INNODB_SYS_FOREIGN_COLS'
2016-08-10 17:59:07 8328 [Note] Shutting down plugin 'INNODB_SYS_FOREIGN'
2016-08-10 17:59:07 8328 [Note] Shutting down plugin 'INNODB_SYS_FIELDS'
2016-08-10 17:59:07 8328 [Note] Shutting down plugin 'INNODB_SYS_COLUMNS'
2016-08-10 17:59:07 8328 [Note] Shutting down plugin 'INNODB_SYS_INDEXES'
2016-08-10 17:59:07 8328 [Note] Shutting down plugin 'INNODB_SYS_TABLESTATS'
2016-08-10 17:59:07 8328 [Note] Shutting down plugin 'INNODB_SYS_TABLES'
2016-08-10 17:59:07 8328 [Note] Shutting down plugin 'INNODB_FT_INDEX_TABLE'
2016-08-10 17:59:07 8328 [Note] Shutting down plugin 'INNODB_FT_INDEX_CACHE'
2016-08-10 17:59:07 8328 [Note] Shutting down plugin 'INNODB_FT_CONFIG'
2016-08-10 17:59:07 8328 [Note] Shutting down plugin 'INNODB_FT_BEING_DELETED'
2016-08-10 17:59:07 8328 [Note] Shutting down plugin 'INNODB_FT_DELETED'
2016-08-10 17:59:07 8328 [Note] Shutting down plugin 'INNODB_FT_DEFAULT_STOPWORD'
2016-08-10 17:59:07 8328 [Note] Shutting down plugin 'INNODB_METRICS'
2016-08-10 17:59:07 8328 [Note] Shutting down plugin 'INNODB_BUFFER_POOL_STATS'
2016-08-10 17:59:07 8328 [Note] Shutting down plugin 'INNODB_BUFFER_PAGE_LRU'
2016-08-10 17:59:07 8328 [Note] Shutting down plugin 'INNODB_BUFFER_PAGE'
2016-08-10 17:59:07 8328 [Note] Shutting down plugin 'INNODB_CMP_PER_INDEX_RESET'
2016-08-10 17:59:07 8328 [Note] Shutting down plugin 'INNODB_CMP_PER_INDEX'
2016-08-10 17:59:07 8328 [Note] Shutting down plugin 'INNODB_CMPMEM_RESET'
2016-08-10 17:59:07 8328 [Note] Shutting down plugin 'INNODB_CMPMEM'
2016-08-10 17:59:07 8328 [Note] Shutting down plugin 'INNODB_CMP_RESET'
2016-08-10 17:59:07 8328 [Note] Shutting down plugin 'INNODB_CMP'
2016-08-10 17:59:07 8328 [Note] Shutting down plugin 'INNODB_LOCK_WAITS'
2016-08-10 17:59:07 8328 [Note] Shutting down plugin 'INNODB_LOCKS'
2016-08-10 17:59:07 8328 [Note] Shutting down plugin 'INNODB_TRX'
2016-08-10 17:59:07 8328 [Note] Shutting down plugin 'InnoDB'
2016-08-10 17:59:07 8328 [Note] InnoDB: FTS optimize thread exiting.
2016-08-10 17:59:07 8328 [Note] InnoDB: Starting shutdown...
2016-08-10 17:59:08 8328 [Note] InnoDB: Shutdown completed; log sequence number 1626007
2016-08-10 17:59:08 8328 [Note] Shutting down plugin 'BLACKHOLE'
2016-08-10 17:59:08 8328 [Note] Shutting down plugin 'ARCHIVE'
2016-08-10 17:59:08 8328 [Note] Shutting down plugin 'MRG_MYISAM'
2016-08-10 17:59:08 8328 [Note] Shutting down plugin 'MyISAM'
2016-08-10 17:59:08 8328 [Note] Shutting down plugin 'MEMORY'
2016-08-10 17:59:08 8328 [Note] Shutting down plugin 'CSV'
2016-08-10 17:59:08 8328 [Note] Shutting down plugin 'sha256_password'
2016-08-10 17:59:08 8328 [Note] Shutting down plugin 'mysql_old_password'
2016-08-10 17:59:08 8328 [Note] Shutting down plugin 'mysql_native_password'
2016-08-10 17:59:08 8328 [Note] Shutting down plugin 'binlog'
2016-08-10 17:59:08 8328 [Note] wampmysqld64: Shutdown complete

2016-08-12 10:25:37 11596 [Note] Plugin 'FEDERATED' is disabled.
2016-08-12 10:25:37 11596 [Note] InnoDB: Using atomics to ref count buffer pool pages
2016-08-12 10:25:37 11596 [Note] InnoDB: The InnoDB memory heap is disabled
2016-08-12 10:25:37 11596 [Note] InnoDB: Mutexes and rw_locks use Windows interlocked functions
2016-08-12 10:25:37 11596 [Note] InnoDB: Compressed tables use zlib 1.2.3
2016-08-12 10:25:37 11596 [Note] InnoDB: Not using CPU crc32 instructions
2016-08-12 10:25:37 11596 [Note] InnoDB: Initializing buffer pool, size = 128.0M
2016-08-12 10:25:37 11596 [Note] InnoDB: Completed initialization of buffer pool
2016-08-12 10:25:37 11596 [Note] InnoDB: Highest supported file format is Barracuda.
2016-08-12 10:25:38 11596 [Note] InnoDB: 128 rollback segment(s) are active.
2016-08-12 10:25:38 11596 [Note] InnoDB: Waiting for purge to start
2016-08-12 10:25:38 11596 [Note] InnoDB: 5.6.17 started; log sequence number 1626007
2016-08-12 10:25:38 11596 [Note] Server hostname (bind-address): '*'; port: 3306
2016-08-12 10:25:38 11596 [Note] IPv6 is available.
2016-08-12 10:25:38 11596 [Note]   - '::' resolves to '::';
2016-08-12 10:25:38 11596 [Note] Server socket created on IP: '::'.
2016-08-12 10:25:39 11596 [Note] Event Scheduler: Loaded 0 events
2016-08-12 10:25:39 11596 [Note] wampmysqld64: ready for connections.
Version: '5.6.17'  socket: ''  port: 3306  MySQL Community Server (GPL)
2016-08-12 18:02:27 11596 [Note] wampmysqld64: Normal shutdown

2016-08-12 18:02:27 11596 [Note] Giving 0 client threads a chance to die gracefully
2016-08-12 18:02:27 11596 [Note] Event Scheduler: Purging the queue. 0 events
2016-08-12 18:02:27 11596 [Note] Shutting down slave threads
2016-08-12 18:02:27 11596 [Note] Forcefully disconnecting 0 remaining clients
2016-08-12 18:02:27 11596 [Note] Binlog end
2016-08-12 18:02:27 11596 [Note] Shutting down plugin 'partition'
2016-08-12 18:02:27 11596 [Note] Shutting down plugin 'PERFORMANCE_SCHEMA'
2016-08-12 18:02:27 11596 [Note] Shutting down plugin 'INNODB_SYS_DATAFILES'
2016-08-12 18:02:27 11596 [Note] Shutting down plugin 'INNODB_SYS_TABLESPACES'
2016-08-12 18:02:27 11596 [Note] Shutting down plugin 'INNODB_SYS_FOREIGN_COLS'
2016-08-12 18:02:27 11596 [Note] Shutting down plugin 'INNODB_SYS_FOREIGN'
2016-08-12 18:02:27 11596 [Note] Shutting down plugin 'INNODB_SYS_FIELDS'
2016-08-12 18:02:27 11596 [Note] Shutting down plugin 'INNODB_SYS_COLUMNS'
2016-08-12 18:02:27 11596 [Note] Shutting down plugin 'INNODB_SYS_INDEXES'
2016-08-12 18:02:27 11596 [Note] Shutting down plugin 'INNODB_SYS_TABLESTATS'
2016-08-12 18:02:27 11596 [Note] Shutting down plugin 'INNODB_SYS_TABLES'
2016-08-12 18:02:27 11596 [Note] Shutting down plugin 'INNODB_FT_INDEX_TABLE'
2016-08-12 18:02:27 11596 [Note] Shutting down plugin 'INNODB_FT_INDEX_CACHE'
2016-08-12 18:02:27 11596 [Note] Shutting down plugin 'INNODB_FT_CONFIG'
2016-08-12 18:02:27 11596 [Note] Shutting down plugin 'INNODB_FT_BEING_DELETED'
2016-08-12 18:02:27 11596 [Note] Shutting down plugin 'INNODB_FT_DELETED'
2016-08-12 18:02:27 11596 [Note] Shutting down plugin 'INNODB_FT_DEFAULT_STOPWORD'
2016-08-12 18:02:27 11596 [Note] Shutting down plugin 'INNODB_METRICS'
2016-08-12 18:02:27 11596 [Note] Shutting down plugin 'INNODB_BUFFER_POOL_STATS'
2016-08-12 18:02:27 11596 [Note] Shutting down plugin 'INNODB_BUFFER_PAGE_LRU'
2016-08-12 18:02:27 11596 [Note] Shutting down plugin 'INNODB_BUFFER_PAGE'
2016-08-12 18:02:27 11596 [Note] Shutting down plugin 'INNODB_CMP_PER_INDEX_RESET'
2016-08-12 18:02:27 11596 [Note] Shutting down plugin 'INNODB_CMP_PER_INDEX'
2016-08-12 18:02:27 11596 [Note] Shutting down plugin 'INNODB_CMPMEM_RESET'
2016-08-12 18:02:27 11596 [Note] Shutting down plugin 'INNODB_CMPMEM'
2016-08-12 18:02:27 11596 [Note] Shutting down plugin 'INNODB_CMP_RESET'
2016-08-12 18:02:27 11596 [Note] Shutting down plugin 'INNODB_CMP'
2016-08-12 18:02:27 11596 [Note] Shutting down plugin 'INNODB_LOCK_WAITS'
2016-08-12 18:02:27 11596 [Note] Shutting down plugin 'INNODB_LOCKS'
2016-08-12 18:02:27 11596 [Note] Shutting down plugin 'INNODB_TRX'
2016-08-12 18:02:27 11596 [Note] Shutting down plugin 'InnoDB'
2016-08-12 18:02:27 11596 [Note] InnoDB: FTS optimize thread exiting.
2016-08-12 18:02:27 11596 [Note] InnoDB: Starting shutdown...
2016-08-12 18:02:28 11596 [Note] InnoDB: Shutdown completed; log sequence number 1626017
2016-08-12 18:02:28 11596 [Note] Shutting down plugin 'BLACKHOLE'
2016-08-12 18:02:28 11596 [Note] Shutting down plugin 'ARCHIVE'
2016-08-12 18:02:28 11596 [Note] Shutting down plugin 'MRG_MYISAM'
2016-08-12 18:02:28 11596 [Note] Shutting down plugin 'MyISAM'
2016-08-12 18:02:28 11596 [Note] Shutting down plugin 'MEMORY'
2016-08-12 18:02:28 11596 [Note] Shutting down plugin 'CSV'
2016-08-12 18:02:28 11596 [Note] Shutting down plugin 'sha256_password'
2016-08-12 18:02:28 11596 [Note] Shutting down plugin 'mysql_old_password'
2016-08-12 18:02:28 11596 [Note] Shutting down plugin 'mysql_native_password'
2016-08-12 18:02:28 11596 [Note] Shutting down plugin 'binlog'
2016-08-12 18:02:28 11596 [Note] wampmysqld64: Shutdown complete

2016-08-15 08:56:04 5928 [Note] Plugin 'FEDERATED' is disabled.
2016-08-15 08:56:04 5928 [Note] InnoDB: Using atomics to ref count buffer pool pages
2016-08-15 08:56:04 5928 [Note] InnoDB: The InnoDB memory heap is disabled
2016-08-15 08:56:04 5928 [Note] InnoDB: Mutexes and rw_locks use Windows interlocked functions
2016-08-15 08:56:04 5928 [Note] InnoDB: Compressed tables use zlib 1.2.3
2016-08-15 08:56:04 5928 [Note] InnoDB: Not using CPU crc32 instructions
2016-08-15 08:56:04 5928 [Note] InnoDB: Initializing buffer pool, size = 128.0M
2016-08-15 08:56:04 5928 [Note] InnoDB: Completed initialization of buffer pool
2016-08-15 08:56:04 5928 [Note] InnoDB: Highest supported file format is Barracuda.
2016-08-15 08:56:05 5928 [Note] InnoDB: 128 rollback segment(s) are active.
2016-08-15 08:56:05 5928 [Note] InnoDB: Waiting for purge to start
2016-08-15 08:56:05 5928 [Note] InnoDB: 5.6.17 started; log sequence number 1626017
2016-08-15 08:56:05 5928 [Note] Server hostname (bind-address): '*'; port: 3306
2016-08-15 08:56:05 5928 [Note] IPv6 is available.
2016-08-15 08:56:05 5928 [Note]   - '::' resolves to '::';
2016-08-15 08:56:05 5928 [Note] Server socket created on IP: '::'.
2016-08-15 08:56:06 5928 [Note] Event Scheduler: Loaded 0 events
2016-08-15 08:56:06 5928 [Note] wampmysqld64: ready for connections.
Version: '5.6.17'  socket: ''  port: 3306  MySQL Community Server (GPL)
2016-08-15 13:17:57 2216 [Note] Plugin 'FEDERATED' is disabled.
2016-08-15 13:17:57 2216 [Note] InnoDB: Using atomics to ref count buffer pool pages
2016-08-15 13:17:57 2216 [Note] InnoDB: The InnoDB memory heap is disabled
2016-08-15 13:17:57 2216 [Note] InnoDB: Mutexes and rw_locks use Windows interlocked functions
2016-08-15 13:17:57 2216 [Note] InnoDB: Compressed tables use zlib 1.2.3
2016-08-15 13:17:57 2216 [Note] InnoDB: Not using CPU crc32 instructions
2016-08-15 13:17:57 2216 [Note] InnoDB: Initializing buffer pool, size = 128.0M
2016-08-15 13:17:57 2216 [Note] InnoDB: Completed initialization of buffer pool
2016-08-15 13:17:57 2216 [Note] InnoDB: Highest supported file format is Barracuda.
2016-08-15 13:17:57 2216 [Note] InnoDB: The log sequence numbers 1626017 and 1626017 in ibdata files do not match the log sequence number 1626027 in the ib_logfiles!
2016-08-15 13:17:57 2216 [Note] InnoDB: Database was not shutdown normally!
2016-08-15 13:17:57 2216 [Note] InnoDB: Starting crash recovery.
2016-08-15 13:17:57 2216 [Note] InnoDB: Reading tablespace information from the .ibd files...
2016-08-15 13:17:57 2216 [Note] InnoDB: Restoring possible half-written data pages 
2016-08-15 13:17:57 2216 [Note] InnoDB: from the doublewrite buffer...
2016-08-15 13:17:58 2216 [Note] InnoDB: 128 rollback segment(s) are active.
2016-08-15 13:17:58 2216 [Note] InnoDB: Waiting for purge to start
2016-08-15 13:17:58 2216 [Note] InnoDB: 5.6.17 started; log sequence number 1626027
2016-08-15 13:17:58 2216 [Note] Server hostname (bind-address): '*'; port: 3306
2016-08-15 13:17:58 2216 [Note] IPv6 is available.
2016-08-15 13:17:58 2216 [Note]   - '::' resolves to '::';
2016-08-15 13:17:58 2216 [Note] Server socket created on IP: '::'.
2016-08-15 13:17:58 2216 [Note] Event Scheduler: Loaded 0 events
2016-08-15 13:17:58 2216 [Note] wampmysqld64: ready for connections.
Version: '5.6.17'  socket: ''  port: 3306  MySQL Community Server (GPL)
2016-08-15 18:01:14 2216 [Note] wampmysqld64: Normal shutdown

2016-08-15 18:01:14 2216 [Note] Giving 0 client threads a chance to die gracefully
2016-08-15 18:01:14 2216 [Note] Event Scheduler: Purging the queue. 0 events
2016-08-15 18:01:14 2216 [Note] Shutting down slave threads
2016-08-15 18:01:14 2216 [Note] Forcefully disconnecting 0 remaining clients
2016-08-15 18:01:14 2216 [Note] Binlog end
2016-08-15 18:01:14 2216 [Note] Shutting down plugin 'partition'
2016-08-15 18:01:14 2216 [Note] Shutting down plugin 'PERFORMANCE_SCHEMA'
2016-08-15 18:01:14 2216 [Note] Shutting down plugin 'INNODB_SYS_DATAFILES'
2016-08-15 18:01:15 2216 [Note] Shutting down plugin 'INNODB_SYS_TABLESPACES'
2016-08-15 18:01:15 2216 [Note] Shutting down plugin 'INNODB_SYS_FOREIGN_COLS'
2016-08-15 18:01:15 2216 [Note] Shutting down plugin 'INNODB_SYS_FOREIGN'
2016-08-15 18:01:15 2216 [Note] Shutting down plugin 'INNODB_SYS_FIELDS'
2016-08-15 18:01:15 2216 [Note] Shutting down plugin 'INNODB_SYS_COLUMNS'
2016-08-15 18:01:15 2216 [Note] Shutting down plugin 'INNODB_SYS_INDEXES'
2016-08-15 18:01:15 2216 [Note] Shutting down plugin 'INNODB_SYS_TABLESTATS'
2016-08-15 18:01:15 2216 [Note] Shutting down plugin 'INNODB_SYS_TABLES'
2016-08-15 18:01:15 2216 [Note] Shutting down plugin 'INNODB_FT_INDEX_TABLE'
2016-08-15 18:01:15 2216 [Note] Shutting down plugin 'INNODB_FT_INDEX_CACHE'
2016-08-15 18:01:15 2216 [Note] Shutting down plugin 'INNODB_FT_CONFIG'
2016-08-15 18:01:15 2216 [Note] Shutting down plugin 'INNODB_FT_BEING_DELETED'
2016-08-15 18:01:15 2216 [Note] Shutting down plugin 'INNODB_FT_DELETED'
2016-08-15 18:01:15 2216 [Note] Shutting down plugin 'INNODB_FT_DEFAULT_STOPWORD'
2016-08-15 18:01:15 2216 [Note] Shutting down plugin 'INNODB_METRICS'
2016-08-15 18:01:15 2216 [Note] Shutting down plugin 'INNODB_BUFFER_POOL_STATS'
2016-08-15 18:01:15 2216 [Note] Shutting down plugin 'INNODB_BUFFER_PAGE_LRU'
2016-08-15 18:01:15 2216 [Note] Shutting down plugin 'INNODB_BUFFER_PAGE'
2016-08-15 18:01:15 2216 [Note] Shutting down plugin 'INNODB_CMP_PER_INDEX_RESET'
2016-08-15 18:01:15 2216 [Note] Shutting down plugin 'INNODB_CMP_PER_INDEX'
2016-08-15 18:01:15 2216 [Note] Shutting down plugin 'INNODB_CMPMEM_RESET'
2016-08-15 18:01:15 2216 [Note] Shutting down plugin 'INNODB_CMPMEM'
2016-08-15 18:01:15 2216 [Note] Shutting down plugin 'INNODB_CMP_RESET'
2016-08-15 18:01:15 2216 [Note] Shutting down plugin 'INNODB_CMP'
2016-08-15 18:01:15 2216 [Note] Shutting down plugin 'INNODB_LOCK_WAITS'
2016-08-15 18:01:15 2216 [Note] Shutting down plugin 'INNODB_LOCKS'
2016-08-15 18:01:15 2216 [Note] Shutting down plugin 'INNODB_TRX'
2016-08-15 18:01:15 2216 [Note] Shutting down plugin 'InnoDB'
2016-08-15 18:01:15 2216 [Note] InnoDB: FTS optimize thread exiting.
2016-08-15 18:01:15 2216 [Note] InnoDB: Starting shutdown...
2016-08-15 18:01:16 2216 [Note] InnoDB: Shutdown completed; log sequence number 1626037
2016-08-15 18:01:16 2216 [Note] Shutting down plugin 'BLACKHOLE'
2016-08-15 18:01:16 2216 [Note] Shutting down plugin 'ARCHIVE'
2016-08-15 18:01:16 2216 [Note] Shutting down plugin 'MRG_MYISAM'
2016-08-15 18:01:16 2216 [Note] Shutting down plugin 'MyISAM'
2016-08-15 18:01:16 2216 [Note] Shutting down plugin 'MEMORY'
2016-08-15 18:01:16 2216 [Note] Shutting down plugin 'CSV'
2016-08-15 18:01:16 2216 [Note] Shutting down plugin 'sha256_password'
2016-08-15 18:01:16 2216 [Note] Shutting down plugin 'mysql_old_password'
2016-08-15 18:01:16 2216 [Note] Shutting down plugin 'mysql_native_password'
2016-08-15 18:01:16 2216 [Note] Shutting down plugin 'binlog'
2016-08-15 18:01:16 2216 [Note] wampmysqld64: Shutdown complete

2016-08-16 09:36:24 7528 [Note] Plugin 'FEDERATED' is disabled.
2016-08-16 09:36:24 7528 [Note] InnoDB: Using atomics to ref count buffer pool pages
2016-08-16 09:36:24 7528 [Note] InnoDB: The InnoDB memory heap is disabled
2016-08-16 09:36:24 7528 [Note] InnoDB: Mutexes and rw_locks use Windows interlocked functions
2016-08-16 09:36:24 7528 [Note] InnoDB: Compressed tables use zlib 1.2.3
2016-08-16 09:36:24 7528 [Note] InnoDB: Not using CPU crc32 instructions
2016-08-16 09:36:24 7528 [Note] InnoDB: Initializing buffer pool, size = 128.0M
2016-08-16 09:36:24 7528 [Note] InnoDB: Completed initialization of buffer pool
2016-08-16 09:36:24 7528 [Note] InnoDB: Highest supported file format is Barracuda.
2016-08-16 09:36:24 7528 [Note] InnoDB: 128 rollback segment(s) are active.
2016-08-16 09:36:24 7528 [Note] InnoDB: Waiting for purge to start
2016-08-16 09:36:24 7528 [Note] InnoDB: 5.6.17 started; log sequence number 1626037
2016-08-16 09:36:24 7528 [Note] Server hostname (bind-address): '*'; port: 3306
2016-08-16 09:36:24 7528 [Note] IPv6 is available.
2016-08-16 09:36:24 7528 [Note]   - '::' resolves to '::';
2016-08-16 09:36:24 7528 [Note] Server socket created on IP: '::'.
2016-08-16 09:36:25 7528 [Note] Event Scheduler: Loaded 0 events
2016-08-16 09:36:25 7528 [Note] wampmysqld64: ready for connections.
Version: '5.6.17'  socket: ''  port: 3306  MySQL Community Server (GPL)
2016-08-16 18:00:13 7528 [Note] wampmysqld64: Normal shutdown

2016-08-16 18:00:13 7528 [Note] Giving 0 client threads a chance to die gracefully
2016-08-16 18:00:13 7528 [Note] Event Scheduler: Purging the queue. 0 events
2016-08-16 18:00:13 7528 [Note] Shutting down slave threads
2016-08-16 18:00:13 7528 [Note] Forcefully disconnecting 0 remaining clients
2016-08-16 18:00:13 7528 [Note] Binlog end
2016-08-16 18:00:13 7528 [Note] Shutting down plugin 'partition'
2016-08-16 18:00:13 7528 [Note] Shutting down plugin 'PERFORMANCE_SCHEMA'
2016-08-16 18:00:13 7528 [Note] Shutting down plugin 'INNODB_SYS_DATAFILES'
2016-08-16 18:00:13 7528 [Note] Shutting down plugin 'INNODB_SYS_TABLESPACES'
2016-08-16 18:00:13 7528 [Note] Shutting down plugin 'INNODB_SYS_FOREIGN_COLS'
2016-08-16 18:00:13 7528 [Note] Shutting down plugin 'INNODB_SYS_FOREIGN'
2016-08-16 18:00:13 7528 [Note] Shutting down plugin 'INNODB_SYS_FIELDS'
2016-08-16 18:00:13 7528 [Note] Shutting down plugin 'INNODB_SYS_COLUMNS'
2016-08-16 18:00:13 7528 [Note] Shutting down plugin 'INNODB_SYS_INDEXES'
2016-08-16 18:00:13 7528 [Note] Shutting down plugin 'INNODB_SYS_TABLESTATS'
2016-08-16 18:00:13 7528 [Note] Shutting down plugin 'INNODB_SYS_TABLES'
2016-08-16 18:00:13 7528 [Note] Shutting down plugin 'INNODB_FT_INDEX_TABLE'
2016-08-16 18:00:13 7528 [Note] Shutting down plugin 'INNODB_FT_INDEX_CACHE'
2016-08-16 18:00:13 7528 [Note] Shutting down plugin 'INNODB_FT_CONFIG'
2016-08-16 18:00:13 7528 [Note] Shutting down plugin 'INNODB_FT_BEING_DELETED'
2016-08-16 18:00:13 7528 [Note] Shutting down plugin 'INNODB_FT_DELETED'
2016-08-16 18:00:13 7528 [Note] Shutting down plugin 'INNODB_FT_DEFAULT_STOPWORD'
2016-08-16 18:00:13 7528 [Note] Shutting down plugin 'INNODB_METRICS'
2016-08-16 18:00:13 7528 [Note] Shutting down plugin 'INNODB_BUFFER_POOL_STATS'
2016-08-16 18:00:13 7528 [Note] Shutting down plugin 'INNODB_BUFFER_PAGE_LRU'
2016-08-16 18:00:13 7528 [Note] Shutting down plugin 'INNODB_BUFFER_PAGE'
2016-08-16 18:00:13 7528 [Note] Shutting down plugin 'INNODB_CMP_PER_INDEX_RESET'
2016-08-16 18:00:13 7528 [Note] Shutting down plugin 'INNODB_CMP_PER_INDEX'
2016-08-16 18:00:13 7528 [Note] Shutting down plugin 'INNODB_CMPMEM_RESET'
2016-08-16 18:00:13 7528 [Note] Shutting down plugin 'INNODB_CMPMEM'
2016-08-16 18:00:13 7528 [Note] Shutting down plugin 'INNODB_CMP_RESET'
2016-08-16 18:00:13 7528 [Note] Shutting down plugin 'INNODB_CMP'
2016-08-16 18:00:13 7528 [Note] Shutting down plugin 'INNODB_LOCK_WAITS'
2016-08-16 18:00:13 7528 [Note] Shutting down plugin 'INNODB_LOCKS'
2016-08-16 18:00:13 7528 [Note] Shutting down plugin 'INNODB_TRX'
2016-08-16 18:00:13 7528 [Note] Shutting down plugin 'InnoDB'
2016-08-16 18:00:13 7528 [Note] InnoDB: FTS optimize thread exiting.
2016-08-16 18:00:13 7528 [Note] InnoDB: Starting shutdown...
2016-08-16 18:00:14 7528 [Note] InnoDB: Shutdown completed; log sequence number 1626047
2016-08-16 18:00:14 7528 [Note] Shutting down plugin 'BLACKHOLE'
2016-08-16 18:00:14 7528 [Note] Shutting down plugin 'ARCHIVE'
2016-08-16 18:00:14 7528 [Note] Shutting down plugin 'MRG_MYISAM'
2016-08-16 18:00:14 7528 [Note] Shutting down plugin 'MyISAM'
2016-08-16 18:00:14 7528 [Note] Shutting down plugin 'MEMORY'
2016-08-16 18:00:14 7528 [Note] Shutting down plugin 'CSV'
2016-08-16 18:00:14 7528 [Note] Shutting down plugin 'sha256_password'
2016-08-16 18:00:14 7528 [Note] Shutting down plugin 'mysql_old_password'
2016-08-16 18:00:14 7528 [Note] Shutting down plugin 'mysql_native_password'
2016-08-16 18:00:14 7528 [Note] Shutting down plugin 'binlog'
2016-08-16 18:00:14 7528 [Note] wampmysqld64: Shutdown complete

2016-08-17 09:34:34 2584 [Note] Plugin 'FEDERATED' is disabled.
2016-08-17 09:34:34 2584 [Note] InnoDB: Using atomics to ref count buffer pool pages
2016-08-17 09:34:34 2584 [Note] InnoDB: The InnoDB memory heap is disabled
2016-08-17 09:34:34 2584 [Note] InnoDB: Mutexes and rw_locks use Windows interlocked functions
2016-08-17 09:34:34 2584 [Note] InnoDB: Compressed tables use zlib 1.2.3
2016-08-17 09:34:34 2584 [Note] InnoDB: Not using CPU crc32 instructions
2016-08-17 09:34:34 2584 [Note] InnoDB: Initializing buffer pool, size = 128.0M
2016-08-17 09:34:34 2584 [Note] InnoDB: Completed initialization of buffer pool
2016-08-17 09:34:34 2584 [Note] InnoDB: Highest supported file format is Barracuda.
2016-08-17 09:34:35 2584 [Note] InnoDB: 128 rollback segment(s) are active.
2016-08-17 09:34:35 2584 [Note] InnoDB: Waiting for purge to start
2016-08-17 09:34:35 2584 [Note] InnoDB: 5.6.17 started; log sequence number 1626047
2016-08-17 09:34:35 2584 [Note] Server hostname (bind-address): '*'; port: 3306
2016-08-17 09:34:35 2584 [Note] IPv6 is available.
2016-08-17 09:34:35 2584 [Note]   - '::' resolves to '::';
2016-08-17 09:34:35 2584 [Note] Server socket created on IP: '::'.
2016-08-17 09:34:36 2584 [Note] Event Scheduler: Loaded 0 events
2016-08-17 09:34:36 2584 [Note] wampmysqld64: ready for connections.
Version: '5.6.17'  socket: ''  port: 3306  MySQL Community Server (GPL)
2016-08-17 18:01:19 2584 [Note] wampmysqld64: Normal shutdown

2016-08-17 18:01:19 2584 [Note] Giving 0 client threads a chance to die gracefully
2016-08-17 18:01:19 2584 [Note] Event Scheduler: Purging the queue. 0 events
2016-08-17 18:01:19 2584 [Note] Shutting down slave threads
2016-08-17 18:01:19 2584 [Note] Forcefully disconnecting 0 remaining clients
2016-08-17 18:01:19 2584 [Note] Binlog end
2016-08-17 18:01:19 2584 [Note] Shutting down plugin 'partition'
2016-08-17 18:01:19 2584 [Note] Shutting down plugin 'PERFORMANCE_SCHEMA'
2016-08-17 18:01:19 2584 [Note] Shutting down plugin 'INNODB_SYS_DATAFILES'
2016-08-17 18:01:19 2584 [Note] Shutting down plugin 'INNODB_SYS_TABLESPACES'
2016-08-17 18:01:19 2584 [Note] Shutting down plugin 'INNODB_SYS_FOREIGN_COLS'
2016-08-17 18:01:19 2584 [Note] Shutting down plugin 'INNODB_SYS_FOREIGN'
2016-08-17 18:01:19 2584 [Note] Shutting down plugin 'INNODB_SYS_FIELDS'
2016-08-17 18:01:19 2584 [Note] Shutting down plugin 'INNODB_SYS_COLUMNS'
2016-08-17 18:01:19 2584 [Note] Shutting down plugin 'INNODB_SYS_INDEXES'
2016-08-17 18:01:19 2584 [Note] Shutting down plugin 'INNODB_SYS_TABLESTATS'
2016-08-17 18:01:19 2584 [Note] Shutting down plugin 'INNODB_SYS_TABLES'
2016-08-17 18:01:19 2584 [Note] Shutting down plugin 'INNODB_FT_INDEX_TABLE'
2016-08-17 18:01:19 2584 [Note] Shutting down plugin 'INNODB_FT_INDEX_CACHE'
2016-08-17 18:01:19 2584 [Note] Shutting down plugin 'INNODB_FT_CONFIG'
2016-08-17 18:01:19 2584 [Note] Shutting down plugin 'INNODB_FT_BEING_DELETED'
2016-08-17 18:01:19 2584 [Note] Shutting down plugin 'INNODB_FT_DELETED'
2016-08-17 18:01:19 2584 [Note] Shutting down plugin 'INNODB_FT_DEFAULT_STOPWORD'
2016-08-17 18:01:19 2584 [Note] Shutting down plugin 'INNODB_METRICS'
2016-08-17 18:01:19 2584 [Note] Shutting down plugin 'INNODB_BUFFER_POOL_STATS'
2016-08-17 18:01:19 2584 [Note] Shutting down plugin 'INNODB_BUFFER_PAGE_LRU'
2016-08-17 18:01:19 2584 [Note] Shutting down plugin 'INNODB_BUFFER_PAGE'
2016-08-17 18:01:19 2584 [Note] Shutting down plugin 'INNODB_CMP_PER_INDEX_RESET'
2016-08-17 18:01:19 2584 [Note] Shutting down plugin 'INNODB_CMP_PER_INDEX'
2016-08-17 18:01:19 2584 [Note] Shutting down plugin 'INNODB_CMPMEM_RESET'
2016-08-17 18:01:19 2584 [Note] Shutting down plugin 'INNODB_CMPMEM'
2016-08-17 18:01:19 2584 [Note] Shutting down plugin 'INNODB_CMP_RESET'
2016-08-17 18:01:19 2584 [Note] Shutting down plugin 'INNODB_CMP'
2016-08-17 18:01:19 2584 [Note] Shutting down plugin 'INNODB_LOCK_WAITS'
2016-08-17 18:01:19 2584 [Note] Shutting down plugin 'INNODB_LOCKS'
2016-08-17 18:01:19 2584 [Note] Shutting down plugin 'INNODB_TRX'
2016-08-17 18:01:19 2584 [Note] Shutting down plugin 'InnoDB'
2016-08-17 18:01:19 2584 [Note] InnoDB: FTS optimize thread exiting.
2016-08-17 18:01:19 2584 [Note] InnoDB: Starting shutdown...
2016-08-17 18:01:21 2584 [Note] InnoDB: Shutdown completed; log sequence number 1626057
2016-08-17 18:01:21 2584 [Note] Shutting down plugin 'BLACKHOLE'
2016-08-17 18:01:21 2584 [Note] Shutting down plugin 'ARCHIVE'
2016-08-17 18:01:21 2584 [Note] Shutting down plugin 'MRG_MYISAM'
2016-08-17 18:01:21 2584 [Note] Shutting down plugin 'MyISAM'
2016-08-17 18:01:21 2584 [Note] Shutting down plugin 'MEMORY'
2016-08-17 18:01:21 2584 [Note] Shutting down plugin 'CSV'
2016-08-17 18:01:21 2584 [Note] Shutting down plugin 'sha256_password'
2016-08-17 18:01:21 2584 [Note] Shutting down plugin 'mysql_old_password'
2016-08-17 18:01:21 2584 [Note] Shutting down plugin 'mysql_native_password'
2016-08-17 18:01:21 2584 [Note] Shutting down plugin 'binlog'
2016-08-17 18:01:21 2584 [Note] wampmysqld64: Shutdown complete

2016-08-18 09:25:49 6872 [Note] Plugin 'FEDERATED' is disabled.
2016-08-18 09:25:49 6872 [Note] InnoDB: Using atomics to ref count buffer pool pages
2016-08-18 09:25:49 6872 [Note] InnoDB: The InnoDB memory heap is disabled
2016-08-18 09:25:49 6872 [Note] InnoDB: Mutexes and rw_locks use Windows interlocked functions
2016-08-18 09:25:49 6872 [Note] InnoDB: Compressed tables use zlib 1.2.3
2016-08-18 09:25:49 6872 [Note] InnoDB: Not using CPU crc32 instructions
2016-08-18 09:25:49 6872 [Note] InnoDB: Initializing buffer pool, size = 128.0M
2016-08-18 09:25:49 6872 [Note] InnoDB: Completed initialization of buffer pool
2016-08-18 09:25:49 6872 [Note] InnoDB: Highest supported file format is Barracuda.
2016-08-18 09:25:49 6872 [Note] InnoDB: 128 rollback segment(s) are active.
2016-08-18 09:25:49 6872 [Note] InnoDB: Waiting for purge to start
2016-08-18 09:25:49 6872 [Note] InnoDB: 5.6.17 started; log sequence number 1626057
2016-08-18 09:25:49 6872 [Note] Server hostname (bind-address): '*'; port: 3306
2016-08-18 09:25:49 6872 [Note] IPv6 is available.
2016-08-18 09:25:49 6872 [Note]   - '::' resolves to '::';
2016-08-18 09:25:49 6872 [Note] Server socket created on IP: '::'.
2016-08-18 09:25:50 6872 [Note] Event Scheduler: Loaded 0 events
2016-08-18 09:25:50 6872 [Note] wampmysqld64: ready for connections.
Version: '5.6.17'  socket: ''  port: 3306  MySQL Community Server (GPL)
2016-08-18 18:02:05 6872 [Note] wampmysqld64: Normal shutdown

2016-08-18 18:02:05 6872 [Note] Giving 0 client threads a chance to die gracefully
2016-08-18 18:02:05 6872 [Note] Event Scheduler: Purging the queue. 0 events
2016-08-18 18:02:05 6872 [Note] Shutting down slave threads
2016-08-18 18:02:05 6872 [Note] Forcefully disconnecting 0 remaining clients
2016-08-18 18:02:05 6872 [Note] Binlog end
2016-08-18 18:02:05 6872 [Note] Shutting down plugin 'partition'
2016-08-18 18:02:05 6872 [Note] Shutting down plugin 'PERFORMANCE_SCHEMA'
2016-08-18 18:02:05 6872 [Note] Shutting down plugin 'INNODB_SYS_DATAFILES'
2016-08-18 18:02:05 6872 [Note] Shutting down plugin 'INNODB_SYS_TABLESPACES'
2016-08-18 18:02:05 6872 [Note] Shutting down plugin 'INNODB_SYS_FOREIGN_COLS'
2016-08-18 18:02:05 6872 [Note] Shutting down plugin 'INNODB_SYS_FOREIGN'
2016-08-18 18:02:05 6872 [Note] Shutting down plugin 'INNODB_SYS_FIELDS'
2016-08-18 18:02:05 6872 [Note] Shutting down plugin 'INNODB_SYS_COLUMNS'
2016-08-18 18:02:05 6872 [Note] Shutting down plugin 'INNODB_SYS_INDEXES'
2016-08-18 18:02:05 6872 [Note] Shutting down plugin 'INNODB_SYS_TABLESTATS'
2016-08-18 18:02:05 6872 [Note] Shutting down plugin 'INNODB_SYS_TABLES'
2016-08-18 18:02:05 6872 [Note] Shutting down plugin 'INNODB_FT_INDEX_TABLE'
2016-08-18 18:02:05 6872 [Note] Shutting down plugin 'INNODB_FT_INDEX_CACHE'
2016-08-18 18:02:05 6872 [Note] Shutting down plugin 'INNODB_FT_CONFIG'
2016-08-18 18:02:05 6872 [Note] Shutting down plugin 'INNODB_FT_BEING_DELETED'
2016-08-18 18:02:05 6872 [Note] Shutting down plugin 'INNODB_FT_DELETED'
2016-08-18 18:02:05 6872 [Note] Shutting down plugin 'INNODB_FT_DEFAULT_STOPWORD'
2016-08-18 18:02:05 6872 [Note] Shutting down plugin 'INNODB_METRICS'
2016-08-18 18:02:05 6872 [Note] Shutting down plugin 'INNODB_BUFFER_POOL_STATS'
2016-08-18 18:02:05 6872 [Note] Shutting down plugin 'INNODB_BUFFER_PAGE_LRU'
2016-08-18 18:02:05 6872 [Note] Shutting down plugin 'INNODB_BUFFER_PAGE'
2016-08-18 18:02:05 6872 [Note] Shutting down plugin 'INNODB_CMP_PER_INDEX_RESET'
2016-08-18 18:02:05 6872 [Note] Shutting down plugin 'INNODB_CMP_PER_INDEX'
2016-08-18 18:02:05 6872 [Note] Shutting down plugin 'INNODB_CMPMEM_RESET'
2016-08-18 18:02:05 6872 [Note] Shutting down plugin 'INNODB_CMPMEM'
2016-08-18 18:02:05 6872 [Note] Shutting down plugin 'INNODB_CMP_RESET'
2016-08-18 18:02:05 6872 [Note] Shutting down plugin 'INNODB_CMP'
2016-08-18 18:02:05 6872 [Note] Shutting down plugin 'INNODB_LOCK_WAITS'
2016-08-18 18:02:05 6872 [Note] Shutting down plugin 'INNODB_LOCKS'
2016-08-18 18:02:05 6872 [Note] Shutting down plugin 'INNODB_TRX'
2016-08-18 18:02:05 6872 [Note] Shutting down plugin 'InnoDB'
2016-08-18 18:02:05 6872 [Note] InnoDB: FTS optimize thread exiting.
2016-08-18 18:02:05 6872 [Note] InnoDB: Starting shutdown...
2016-08-18 18:02:06 6872 [Note] InnoDB: Shutdown completed; log sequence number 1626067
2016-08-18 18:02:06 6872 [Note] Shutting down plugin 'BLACKHOLE'
2016-08-18 18:02:06 6872 [Note] Shutting down plugin 'ARCHIVE'
2016-08-18 18:02:06 6872 [Note] Shutting down plugin 'MRG_MYISAM'
2016-08-18 18:02:06 6872 [Note] Shutting down plugin 'MyISAM'
2016-08-18 18:02:06 6872 [Note] Shutting down plugin 'MEMORY'
2016-08-18 18:02:06 6872 [Note] Shutting down plugin 'CSV'
2016-08-18 18:02:06 6872 [Note] Shutting down plugin 'sha256_password'
2016-08-18 18:02:06 6872 [Note] Shutting down plugin 'mysql_old_password'
2016-08-18 18:02:06 6872 [Note] Shutting down plugin 'mysql_native_password'
2016-08-18 18:02:06 6872 [Note] Shutting down plugin 'binlog'
2016-08-18 18:02:06 6872 [Note] wampmysqld64: Shutdown complete

2016-08-22 09:08:00 7876 [Note] Plugin 'FEDERATED' is disabled.
2016-08-22 09:08:00 7876 [Note] InnoDB: Using atomics to ref count buffer pool pages
2016-08-22 09:08:00 7876 [Note] InnoDB: The InnoDB memory heap is disabled
2016-08-22 09:08:00 7876 [Note] InnoDB: Mutexes and rw_locks use Windows interlocked functions
2016-08-22 09:08:00 7876 [Note] InnoDB: Compressed tables use zlib 1.2.3
2016-08-22 09:08:00 7876 [Note] InnoDB: Not using CPU crc32 instructions
2016-08-22 09:08:00 7876 [Note] InnoDB: Initializing buffer pool, size = 128.0M
2016-08-22 09:08:00 7876 [Note] InnoDB: Completed initialization of buffer pool
2016-08-22 09:08:00 7876 [Note] InnoDB: Highest supported file format is Barracuda.
2016-08-22 09:08:00 7876 [Note] InnoDB: 128 rollback segment(s) are active.
2016-08-22 09:08:01 7876 [Note] InnoDB: Waiting for purge to start
2016-08-22 09:08:01 7876 [Note] InnoDB: 5.6.17 started; log sequence number 1626067
2016-08-22 09:08:01 7876 [Note] Server hostname (bind-address): '*'; port: 3306
2016-08-22 09:08:01 7876 [Note] IPv6 is available.
2016-08-22 09:08:01 7876 [Note]   - '::' resolves to '::';
2016-08-22 09:08:01 7876 [Note] Server socket created on IP: '::'.
2016-08-22 09:08:01 7876 [Note] Event Scheduler: Loaded 0 events
2016-08-22 09:08:01 7876 [Note] wampmysqld64: ready for connections.
Version: '5.6.17'  socket: ''  port: 3306  MySQL Community Server (GPL)
2016-08-22 18:03:55 7876 [Note] wampmysqld64: Normal shutdown

2016-08-22 18:03:55 7876 [Note] Giving 0 client threads a chance to die gracefully
2016-08-22 18:03:55 7876 [Note] Event Scheduler: Purging the queue. 0 events
2016-08-22 18:03:55 7876 [Note] Shutting down slave threads
2016-08-22 18:03:55 7876 [Note] Forcefully disconnecting 0 remaining clients
2016-08-22 18:03:55 7876 [Note] Binlog end
2016-08-22 18:03:55 7876 [Note] Shutting down plugin 'partition'
2016-08-22 18:03:55 7876 [Note] Shutting down plugin 'PERFORMANCE_SCHEMA'
2016-08-22 18:03:56 7876 [Note] Shutting down plugin 'INNODB_SYS_DATAFILES'
2016-08-22 18:03:56 7876 [Note] Shutting down plugin 'INNODB_SYS_TABLESPACES'
2016-08-22 18:03:56 7876 [Note] Shutting down plugin 'INNODB_SYS_FOREIGN_COLS'
2016-08-22 18:03:56 7876 [Note] Shutting down plugin 'INNODB_SYS_FOREIGN'
2016-08-22 18:03:56 7876 [Note] Shutting down plugin 'INNODB_SYS_FIELDS'
2016-08-22 18:03:56 7876 [Note] Shutting down plugin 'INNODB_SYS_COLUMNS'
2016-08-22 18:03:56 7876 [Note] Shutting down plugin 'INNODB_SYS_INDEXES'
2016-08-22 18:03:56 7876 [Note] Shutting down plugin 'INNODB_SYS_TABLESTATS'
2016-08-22 18:03:56 7876 [Note] Shutting down plugin 'INNODB_SYS_TABLES'
2016-08-22 18:03:56 7876 [Note] Shutting down plugin 'INNODB_FT_INDEX_TABLE'
2016-08-22 18:03:56 7876 [Note] Shutting down plugin 'INNODB_FT_INDEX_CACHE'
2016-08-22 18:03:56 7876 [Note] Shutting down plugin 'INNODB_FT_CONFIG'
2016-08-22 18:03:56 7876 [Note] Shutting down plugin 'INNODB_FT_BEING_DELETED'
2016-08-22 18:03:56 7876 [Note] Shutting down plugin 'INNODB_FT_DELETED'
2016-08-22 18:03:56 7876 [Note] Shutting down plugin 'INNODB_FT_DEFAULT_STOPWORD'
2016-08-22 18:03:56 7876 [Note] Shutting down plugin 'INNODB_METRICS'
2016-08-22 18:03:56 7876 [Note] Shutting down plugin 'INNODB_BUFFER_POOL_STATS'
2016-08-22 18:03:56 7876 [Note] Shutting down plugin 'INNODB_BUFFER_PAGE_LRU'
2016-08-22 18:03:56 7876 [Note] Shutting down plugin 'INNODB_BUFFER_PAGE'
2016-08-22 18:03:56 7876 [Note] Shutting down plugin 'INNODB_CMP_PER_INDEX_RESET'
2016-08-22 18:03:56 7876 [Note] Shutting down plugin 'INNODB_CMP_PER_INDEX'
2016-08-22 18:03:56 7876 [Note] Shutting down plugin 'INNODB_CMPMEM_RESET'
2016-08-22 18:03:56 7876 [Note] Shutting down plugin 'INNODB_CMPMEM'
2016-08-22 18:03:56 7876 [Note] Shutting down plugin 'INNODB_CMP_RESET'
2016-08-22 18:03:56 7876 [Note] Shutting down plugin 'INNODB_CMP'
2016-08-22 18:03:56 7876 [Note] Shutting down plugin 'INNODB_LOCK_WAITS'
2016-08-22 18:03:56 7876 [Note] Shutting down plugin 'INNODB_LOCKS'
2016-08-22 18:03:56 7876 [Note] Shutting down plugin 'INNODB_TRX'
2016-08-22 18:03:56 7876 [Note] Shutting down plugin 'InnoDB'
2016-08-22 18:03:56 7876 [Note] InnoDB: FTS optimize thread exiting.
2016-08-22 18:03:56 7876 [Note] InnoDB: Starting shutdown...
2016-08-22 18:04:00 7876 [Note] InnoDB: Shutdown completed; log sequence number 1626077
2016-08-22 18:04:00 7876 [Note] Shutting down plugin 'BLACKHOLE'
2016-08-22 18:04:00 7876 [Note] Shutting down plugin 'ARCHIVE'
2016-08-22 18:04:00 7876 [Note] Shutting down plugin 'MRG_MYISAM'
2016-08-22 18:04:00 7876 [Note] Shutting down plugin 'MyISAM'
2016-08-22 18:04:00 7876 [Note] Shutting down plugin 'MEMORY'
2016-08-22 18:04:00 7876 [Note] Shutting down plugin 'CSV'
2016-08-22 18:04:00 7876 [Note] Shutting down plugin 'sha256_password'
2016-08-22 18:04:00 7876 [Note] Shutting down plugin 'mysql_old_password'
2016-08-22 18:04:00 7876 [Note] Shutting down plugin 'mysql_native_password'
2016-08-22 18:04:00 7876 [Note] Shutting down plugin 'binlog'
2016-08-22 18:04:00 7876 [Note] wampmysqld64: Shutdown complete

2016-08-23 09:09:18 5656 [Note] Plugin 'FEDERATED' is disabled.
2016-08-23 09:09:18 5656 [Note] InnoDB: Using atomics to ref count buffer pool pages
2016-08-23 09:09:18 5656 [Note] InnoDB: The InnoDB memory heap is disabled
2016-08-23 09:09:18 5656 [Note] InnoDB: Mutexes and rw_locks use Windows interlocked functions
2016-08-23 09:09:18 5656 [Note] InnoDB: Compressed tables use zlib 1.2.3
2016-08-23 09:09:18 5656 [Note] InnoDB: Not using CPU crc32 instructions
2016-08-23 09:09:18 5656 [Note] InnoDB: Initializing buffer pool, size = 128.0M
2016-08-23 09:09:18 5656 [Note] InnoDB: Completed initialization of buffer pool
2016-08-23 09:09:18 5656 [Note] InnoDB: Highest supported file format is Barracuda.
2016-08-23 09:09:18 5656 [Note] InnoDB: 128 rollback segment(s) are active.
2016-08-23 09:09:19 5656 [Note] InnoDB: Waiting for purge to start
2016-08-23 09:09:19 5656 [Note] InnoDB: 5.6.17 started; log sequence number 1626077
2016-08-23 09:09:19 5656 [Note] Server hostname (bind-address): '*'; port: 3306
2016-08-23 09:09:19 5656 [Note] IPv6 is available.
2016-08-23 09:09:19 5656 [Note]   - '::' resolves to '::';
2016-08-23 09:09:19 5656 [Note] Server socket created on IP: '::'.
2016-08-23 09:09:19 5656 [Note] Event Scheduler: Loaded 0 events
2016-08-23 09:09:19 5656 [Note] wampmysqld64: ready for connections.
Version: '5.6.17'  socket: ''  port: 3306  MySQL Community Server (GPL)
2016-08-23 18:01:21 5656 [Note] wampmysqld64: Normal shutdown

2016-08-23 18:01:21 5656 [Note] Giving 0 client threads a chance to die gracefully
2016-08-23 18:01:21 5656 [Note] Event Scheduler: Purging the queue. 0 events
2016-08-23 18:01:21 5656 [Note] Shutting down slave threads
2016-08-23 18:01:21 5656 [Note] Forcefully disconnecting 0 remaining clients
2016-08-23 18:01:21 5656 [Note] Binlog end
2016-08-23 18:01:21 5656 [Note] Shutting down plugin 'partition'
2016-08-23 18:01:21 5656 [Note] Shutting down plugin 'PERFORMANCE_SCHEMA'
2016-08-23 18:01:21 5656 [Note] Shutting down plugin 'INNODB_SYS_DATAFILES'
2016-08-23 18:01:21 5656 [Note] Shutting down plugin 'INNODB_SYS_TABLESPACES'
2016-08-23 18:01:21 5656 [Note] Shutting down plugin 'INNODB_SYS_FOREIGN_COLS'
2016-08-23 18:01:21 5656 [Note] Shutting down plugin 'INNODB_SYS_FOREIGN'
2016-08-23 18:01:21 5656 [Note] Shutting down plugin 'INNODB_SYS_FIELDS'
2016-08-23 18:01:21 5656 [Note] Shutting down plugin 'INNODB_SYS_COLUMNS'
2016-08-23 18:01:21 5656 [Note] Shutting down plugin 'INNODB_SYS_INDEXES'
2016-08-23 18:01:21 5656 [Note] Shutting down plugin 'INNODB_SYS_TABLESTATS'
2016-08-23 18:01:21 5656 [Note] Shutting down plugin 'INNODB_SYS_TABLES'
2016-08-23 18:01:21 5656 [Note] Shutting down plugin 'INNODB_FT_INDEX_TABLE'
2016-08-23 18:01:21 5656 [Note] Shutting down plugin 'INNODB_FT_INDEX_CACHE'
2016-08-23 18:01:21 5656 [Note] Shutting down plugin 'INNODB_FT_CONFIG'
2016-08-23 18:01:21 5656 [Note] Shutting down plugin 'INNODB_FT_BEING_DELETED'
2016-08-23 18:01:21 5656 [Note] Shutting down plugin 'INNODB_FT_DELETED'
2016-08-23 18:01:21 5656 [Note] Shutting down plugin 'INNODB_FT_DEFAULT_STOPWORD'
2016-08-23 18:01:21 5656 [Note] Shutting down plugin 'INNODB_METRICS'
2016-08-23 18:01:21 5656 [Note] Shutting down plugin 'INNODB_BUFFER_POOL_STATS'
2016-08-23 18:01:21 5656 [Note] Shutting down plugin 'INNODB_BUFFER_PAGE_LRU'
2016-08-23 18:01:21 5656 [Note] Shutting down plugin 'INNODB_BUFFER_PAGE'
2016-08-23 18:01:21 5656 [Note] Shutting down plugin 'INNODB_CMP_PER_INDEX_RESET'
2016-08-23 18:01:21 5656 [Note] Shutting down plugin 'INNODB_CMP_PER_INDEX'
2016-08-23 18:01:21 5656 [Note] Shutting down plugin 'INNODB_CMPMEM_RESET'
2016-08-23 18:01:21 5656 [Note] Shutting down plugin 'INNODB_CMPMEM'
2016-08-23 18:01:21 5656 [Note] Shutting down plugin 'INNODB_CMP_RESET'
2016-08-23 18:01:21 5656 [Note] Shutting down plugin 'INNODB_CMP'
2016-08-23 18:01:21 5656 [Note] Shutting down plugin 'INNODB_LOCK_WAITS'
2016-08-23 18:01:21 5656 [Note] Shutting down plugin 'INNODB_LOCKS'
2016-08-23 18:01:21 5656 [Note] Shutting down plugin 'INNODB_TRX'
2016-08-23 18:01:21 5656 [Note] Shutting down plugin 'InnoDB'
2016-08-23 18:01:21 5656 [Note] InnoDB: FTS optimize thread exiting.
2016-08-23 18:01:21 5656 [Note] InnoDB: Starting shutdown...
2016-08-23 18:01:23 5656 [Note] InnoDB: Shutdown completed; log sequence number 1626087
2016-08-23 18:01:23 5656 [Note] Shutting down plugin 'BLACKHOLE'
2016-08-23 18:01:23 5656 [Note] Shutting down plugin 'ARCHIVE'
2016-08-23 18:01:23 5656 [Note] Shutting down plugin 'MRG_MYISAM'
2016-08-23 18:01:23 5656 [Note] Shutting down plugin 'MyISAM'
2016-08-23 18:01:23 5656 [Note] Shutting down plugin 'MEMORY'
2016-08-23 18:01:23 5656 [Note] Shutting down plugin 'CSV'
2016-08-23 18:01:23 5656 [Note] Shutting down plugin 'sha256_password'
2016-08-23 18:01:23 5656 [Note] Shutting down plugin 'mysql_old_password'
2016-08-23 18:01:23 5656 [Note] Shutting down plugin 'mysql_native_password'
2016-08-23 18:01:23 5656 [Note] Shutting down plugin 'binlog'
2016-08-23 18:01:23 5656 [Note] wampmysqld64: Shutdown complete

2016-08-24 09:13:22 5876 [Note] Plugin 'FEDERATED' is disabled.
2016-08-24 09:13:22 5876 [Note] InnoDB: Using atomics to ref count buffer pool pages
2016-08-24 09:13:22 5876 [Note] InnoDB: The InnoDB memory heap is disabled
2016-08-24 09:13:22 5876 [Note] InnoDB: Mutexes and rw_locks use Windows interlocked functions
2016-08-24 09:13:22 5876 [Note] InnoDB: Compressed tables use zlib 1.2.3
2016-08-24 09:13:22 5876 [Note] InnoDB: Not using CPU crc32 instructions
2016-08-24 09:13:22 5876 [Note] InnoDB: Initializing buffer pool, size = 128.0M
2016-08-24 09:13:22 5876 [Note] InnoDB: Completed initialization of buffer pool
2016-08-24 09:13:22 5876 [Note] InnoDB: Highest supported file format is Barracuda.
2016-08-24 09:13:22 5876 [Note] InnoDB: 128 rollback segment(s) are active.
2016-08-24 09:13:23 5876 [Note] InnoDB: Waiting for purge to start
2016-08-24 09:13:23 5876 [Note] InnoDB: 5.6.17 started; log sequence number 1626087
2016-08-24 09:13:23 5876 [Note] Server hostname (bind-address): '*'; port: 3306
2016-08-24 09:13:23 5876 [Note] IPv6 is available.
2016-08-24 09:13:23 5876 [Note]   - '::' resolves to '::';
2016-08-24 09:13:23 5876 [Note] Server socket created on IP: '::'.
2016-08-24 09:13:23 5876 [Note] Event Scheduler: Loaded 0 events
2016-08-24 09:13:23 5876 [Note] wampmysqld64: ready for connections.
Version: '5.6.17'  socket: ''  port: 3306  MySQL Community Server (GPL)
2016-08-24 18:03:18 5876 [Note] wampmysqld64: Normal shutdown

2016-08-24 18:03:19 5876 [Note] Giving 0 client threads a chance to die gracefully
2016-08-24 18:03:19 5876 [Note] Event Scheduler: Purging the queue. 0 events
2016-08-24 18:03:19 5876 [Note] Shutting down slave threads
2016-08-24 18:03:19 5876 [Note] Forcefully disconnecting 0 remaining clients
2016-08-24 18:03:19 5876 [Note] Binlog end
2016-08-24 18:03:19 5876 [Note] Shutting down plugin 'partition'
2016-08-24 18:03:19 5876 [Note] Shutting down plugin 'PERFORMANCE_SCHEMA'
2016-08-24 18:03:19 5876 [Note] Shutting down plugin 'INNODB_SYS_DATAFILES'
2016-08-24 18:03:19 5876 [Note] Shutting down plugin 'INNODB_SYS_TABLESPACES'
2016-08-24 18:03:19 5876 [Note] Shutting down plugin 'INNODB_SYS_FOREIGN_COLS'
2016-08-24 18:03:19 5876 [Note] Shutting down plugin 'INNODB_SYS_FOREIGN'
2016-08-24 18:03:19 5876 [Note] Shutting down plugin 'INNODB_SYS_FIELDS'
2016-08-24 18:03:19 5876 [Note] Shutting down plugin 'INNODB_SYS_COLUMNS'
2016-08-24 18:03:19 5876 [Note] Shutting down plugin 'INNODB_SYS_INDEXES'
2016-08-24 18:03:19 5876 [Note] Shutting down plugin 'INNODB_SYS_TABLESTATS'
2016-08-24 18:03:19 5876 [Note] Shutting down plugin 'INNODB_SYS_TABLES'
2016-08-24 18:03:19 5876 [Note] Shutting down plugin 'INNODB_FT_INDEX_TABLE'
2016-08-24 18:03:19 5876 [Note] Shutting down plugin 'INNODB_FT_INDEX_CACHE'
2016-08-24 18:03:19 5876 [Note] Shutting down plugin 'INNODB_FT_CONFIG'
2016-08-24 18:03:19 5876 [Note] Shutting down plugin 'INNODB_FT_BEING_DELETED'
2016-08-24 18:03:19 5876 [Note] Shutting down plugin 'INNODB_FT_DELETED'
2016-08-24 18:03:19 5876 [Note] Shutting down plugin 'INNODB_FT_DEFAULT_STOPWORD'
2016-08-24 18:03:19 5876 [Note] Shutting down plugin 'INNODB_METRICS'
2016-08-24 18:03:19 5876 [Note] Shutting down plugin 'INNODB_BUFFER_POOL_STATS'
2016-08-24 18:03:19 5876 [Note] Shutting down plugin 'INNODB_BUFFER_PAGE_LRU'
2016-08-24 18:03:19 5876 [Note] Shutting down plugin 'INNODB_BUFFER_PAGE'
2016-08-24 18:03:19 5876 [Note] Shutting down plugin 'INNODB_CMP_PER_INDEX_RESET'
2016-08-24 18:03:19 5876 [Note] Shutting down plugin 'INNODB_CMP_PER_INDEX'
2016-08-24 18:03:19 5876 [Note] Shutting down plugin 'INNODB_CMPMEM_RESET'
2016-08-24 18:03:19 5876 [Note] Shutting down plugin 'INNODB_CMPMEM'
2016-08-24 18:03:19 5876 [Note] Shutting down plugin 'INNODB_CMP_RESET'
2016-08-24 18:03:19 5876 [Note] Shutting down plugin 'INNODB_CMP'
2016-08-24 18:03:19 5876 [Note] Shutting down plugin 'INNODB_LOCK_WAITS'
2016-08-24 18:03:19 5876 [Note] Shutting down plugin 'INNODB_LOCKS'
2016-08-24 18:03:19 5876 [Note] Shutting down plugin 'INNODB_TRX'
2016-08-24 18:03:19 5876 [Note] Shutting down plugin 'InnoDB'
2016-08-24 18:03:19 5876 [Note] InnoDB: FTS optimize thread exiting.
2016-08-24 18:03:19 5876 [Note] InnoDB: Starting shutdown...
2016-08-24 18:03:20 5876 [Note] InnoDB: Shutdown completed; log sequence number 1626097
2016-08-24 18:03:20 5876 [Note] Shutting down plugin 'BLACKHOLE'
2016-08-24 18:03:20 5876 [Note] Shutting down plugin 'ARCHIVE'
2016-08-24 18:03:20 5876 [Note] Shutting down plugin 'MRG_MYISAM'
2016-08-24 18:03:20 5876 [Note] Shutting down plugin 'MyISAM'
2016-08-24 18:03:20 5876 [Note] Shutting down plugin 'MEMORY'
2016-08-24 18:03:20 5876 [Note] Shutting down plugin 'CSV'
2016-08-24 18:03:20 5876 [Note] Shutting down plugin 'sha256_password'
2016-08-24 18:03:20 5876 [Note] Shutting down plugin 'mysql_old_password'
2016-08-24 18:03:20 5876 [Note] Shutting down plugin 'mysql_native_password'
2016-08-24 18:03:20 5876 [Note] Shutting down plugin 'binlog'
2016-08-24 18:03:20 5876 [Note] wampmysqld64: Shutdown complete

